<?xml version="1.0" encoding="UTF-8"?>
<!-- Generated by org.testng.reporters.JUnitReportReporter -->
<testsuite skipped="0" hostname="hp1" name="blazedemotests.FindFlightsFunctionalityTest" tests="4" failures="0" timestamp="2020-08-27T17:09:34 IST" time="23.907" errors="0">
  <testcase name="findflightstest" time="6.215" classname="blazedemotests.FindFlightsFunctionalityTest"/>
  <system-out/>
  <testcase name="reserveflighttest" time="2.971" classname="blazedemotests.FindFlightsFunctionalityTest"/>
  <system-out/>
  <testcase name="enterpassengerdetailstest" time="11.940" classname="blazedemotests.FindFlightsFunctionalityTest"/>
  <system-out/>
  <testcase name="confirmationdetailstest" time="2.781" classname="blazedemotests.FindFlightsFunctionalityTest"/>
  <system-out/>
</testsuite> <!-- blazedemotests.FindFlightsFunctionalityTest -->
